set. 10, 2025 3:20:23 PM liquibase.changelog
INFO: Reading resource: db/changelog/migrations/db.changelog-202408191938.sql
set. 10, 2025 3:20:23 PM liquibase.changelog
INFO: Reading resource: db/changelog/migrations/db.changelog-202408210954.sql
set. 10, 2025 3:20:23 PM liquibase.changelog
INFO: Reading resource: db/changelog/migrations/db.changelog-202408211004.sql
set. 10, 2025 3:20:23 PM liquibase.changelog
INFO: Reading resource: db/changelog/migrations/db.changelog-202408211005.sql
set. 10, 2025 3:20:23 PM liquibase.changelog
INFO: Reading resource: db/changelog/migrations/db.changelog-202408281807.sql
set. 10, 2025 3:20:23 PM liquibase.changelog
INFO: Reading from board.databasechangelog
Database is up to date, no changesets to execute
set. 10, 2025 3:20:23 PM liquibase.changelog
INFO: Reading from board.databasechangelog

UPDATE SUMMARY
Run:                          0
Previously run:               5
Filtered out:                 0
-------------------------------
Total change sets:            5

set. 10, 2025 3:20:23 PM liquibase.util
INFO: UPDATE SUMMARY
set. 10, 2025 3:20:23 PM liquibase.util
INFO: Run:                          0
set. 10, 2025 3:20:23 PM liquibase.util
INFO: Previously run:               5
set. 10, 2025 3:20:23 PM liquibase.util
INFO: Filtered out:                 0
set. 10, 2025 3:20:23 PM liquibase.util
INFO: -------------------------------
set. 10, 2025 3:20:23 PM liquibase.util
INFO: Total change sets:            5
set. 10, 2025 3:20:23 PM liquibase.util
INFO: Update summary generated
set. 10, 2025 3:20:23 PM liquibase.lockservice
INFO: Successfully released change log lock
set. 10, 2025 3:20:23 PM liquibase.command
INFO: Command execution complete
